GO111MODULE=on go test -v --count=1 --parallel=1 -p=1 ./kv/test_raftstore -run ^TestSplitUnreliable3B|| true
=== RUN   TestSplitUnreliable3B
2022/03/22 09:47:35.776522 node.go:193: [0;37m[info] start raft store node, storeID: 3[0m
2022/03/22 09:47:35.776959 peer.go:41: [0;37m[info] region id:1 region_epoch:<conf_ver:1 version:1 > peers:<id:1 store_id:1 > peers:<id:2 store_id:2 > peers:<id:3 store_id:3 > peers:<id:4 store_id:4 > peers:<id:5 store_id:5 >  create peer with ID 3[0m
2022/03/22 09:47:35.777068 raftstore.go:175: [0;37m[info] start store 3, region_count 1, tombstone_count 0, takes 298.955µs[0m
2022/03/22 09:47:35.777579 node.go:193: [0;37m[info] start raft store node, storeID: 4[0m
2022/03/22 09:47:35.777739 peer.go:41: [0;37m[info] region id:1 region_epoch:<conf_ver:1 version:1 > peers:<id:1 store_id:1 > peers:<id:2 store_id:2 > peers:<id:3 store_id:3 > peers:<id:4 store_id:4 > peers:<id:5 store_id:5 >  create peer with ID 4[0m
2022/03/22 09:47:35.777808 raftstore.go:175: [0;37m[info] start store 4, region_count 1, tombstone_count 0, takes 125.806µs[0m
2022/03/22 09:47:35.778208 node.go:193: [0;37m[info] start raft store node, storeID: 5[0m
2022/03/22 09:47:35.778333 peer.go:41: [0;37m[info] region id:1 region_epoch:<conf_ver:1 version:1 > peers:<id:1 store_id:1 > peers:<id:2 store_id:2 > peers:<id:3 store_id:3 > peers:<id:4 store_id:4 > peers:<id:5 store_id:5 >  create peer with ID 5[0m
2022/03/22 09:47:35.778400 raftstore.go:175: [0;37m[info] start store 5, region_count 1, tombstone_count 0, takes 111.84µs[0m
2022/03/22 09:47:35.778770 node.go:193: [0;37m[info] start raft store node, storeID: 1[0m
2022/03/22 09:47:35.778886 peer.go:41: [0;37m[info] region id:1 region_epoch:<conf_ver:1 version:1 > peers:<id:1 store_id:1 > peers:<id:2 store_id:2 > peers:<id:3 store_id:3 > peers:<id:4 store_id:4 > peers:<id:5 store_id:5 >  create peer with ID 1[0m
2022/03/22 09:47:35.778939 raftstore.go:175: [0;37m[info] start store 1, region_count 1, tombstone_count 0, takes 102.541µs[0m
2022/03/22 09:47:35.779319 node.go:193: [0;37m[info] start raft store node, storeID: 2[0m
2022/03/22 09:47:35.779415 peer.go:41: [0;37m[info] region id:1 region_epoch:<conf_ver:1 version:1 > peers:<id:1 store_id:1 > peers:<id:2 store_id:2 > peers:<id:3 store_id:3 > peers:<id:4 store_id:4 > peers:<id:5 store_id:5 >  create peer with ID 2[0m
2022/03/22 09:47:35.779459 raftstore.go:175: [0;37m[info] start store 2, region_count 1, tombstone_count 0, takes 73.19µs[0m
2022/03/22 09:47:36.282619 raft.go:433: [0;31m[error] node 4 becomeLeader at term 6 with index 5[0m
2022/03/22 09:47:36.993947 peer_msg_handler.go:573: [0;31m[error] [region 1] 4 on split with [50 32 48 48 48 48 48 48 48 51][0m
2022/03/22 09:47:37.015356 peer_msg_handler.go:736: [0;31m[error] [region 1] 4 propose split msg, msg: 1 1 local region: 1 1[0m
2022/03/22 09:47:37.029358 peer_msg_handler.go:257: [0;31m[error] [region 1] 2 apply split begin, split key [50 32 48 48 48 48 48 48 48 51], StartKey [], EndKey [][0m
2022/03/22 09:47:37.029419 peer_msg_handler.go:257: [0;31m[error] [region 1] 1 apply split begin, split key [50 32 48 48 48 48 48 48 48 51], StartKey [], EndKey [][0m
2022/03/22 09:47:37.029463 peer.go:41: [0;37m[info] region id:6 start_key:"2 00000003" region_epoch:<conf_ver:1 version:1 > peers:<id:7 store_id:1 > peers:<id:8 store_id:2 > peers:<id:9 store_id:3 > peers:<id:10 store_id:4 > peers:<id:11 store_id:5 >  create peer with ID 8[0m
2022/03/22 09:47:37.029375 peer_msg_handler.go:257: [0;31m[error] [region 1] 4 apply split begin, split key [50 32 48 48 48 48 48 48 48 51], StartKey [], EndKey [][0m
2022/03/22 09:47:37.029547 peer.go:41: [0;37m[info] region id:6 start_key:"2 00000003" region_epoch:<conf_ver:1 version:1 > peers:<id:7 store_id:1 > peers:<id:8 store_id:2 > peers:<id:9 store_id:3 > peers:<id:10 store_id:4 > peers:<id:11 store_id:5 >  create peer with ID 7[0m
2022/03/22 09:47:37.029647 peer.go:41: [0;37m[info] region id:6 start_key:"2 00000003" region_epoch:<conf_ver:1 version:1 > peers:<id:7 store_id:1 > peers:<id:8 store_id:2 > peers:<id:9 store_id:3 > peers:<id:10 store_id:4 > peers:<id:11 store_id:5 >  create peer with ID 10[0m
2022/03/22 09:47:37.031892 peer_msg_handler.go:257: [0;31m[error] [region 1] 3 apply split begin, split key [50 32 48 48 48 48 48 48 48 51], StartKey [], EndKey [][0m
2022/03/22 09:47:37.032015 peer.go:41: [0;37m[info] region id:6 start_key:"2 00000003" region_epoch:<conf_ver:1 version:1 > peers:<id:7 store_id:1 > peers:<id:8 store_id:2 > peers:<id:9 store_id:3 > peers:<id:10 store_id:4 > peers:<id:11 store_id:5 >  create peer with ID 9[0m
2022/03/22 09:47:37.034815 peer_msg_handler.go:257: [0;31m[error] [region 1] 5 apply split begin, split key [50 32 48 48 48 48 48 48 48 51], StartKey [], EndKey [][0m
2022/03/22 09:47:37.034941 peer.go:41: [0;37m[info] region id:6 start_key:"2 00000003" region_epoch:<conf_ver:1 version:1 > peers:<id:7 store_id:1 > peers:<id:8 store_id:2 > peers:<id:9 store_id:3 > peers:<id:10 store_id:4 > peers:<id:11 store_id:5 >  create peer with ID 11[0m
2022/03/22 09:47:37.045801 peer_msg_handler.go:322: [0;31m[error] [region 1] 2 apply split finished[0m
2022/03/22 09:47:37.045817 peer_msg_handler.go:322: [0;31m[error] [region 1] 1 apply split finished[0m
2022/03/22 09:47:37.045815 peer_msg_handler.go:322: [0;31m[error] [region 1] 4 apply split finished[0m
2022/03/22 09:47:37.050828 peer_msg_handler.go:322: [0;31m[error] [region 1] 5 apply split finished[0m
2022/03/22 09:47:37.050952 peer_msg_handler.go:322: [0;31m[error] [region 1] 3 apply split finished[0m
2022/03/22 09:47:37.594043 raft.go:433: [0;31m[error] node 7 becomeLeader at term 6 with index 5[0m
2022/03/22 09:47:44.194609 peer_msg_handler.go:573: [0;31m[error] [region 6] 7 on split with [52 32 48 48 48 48 48 48 48 49][0m
2022/03/22 09:47:44.200115 peer_msg_handler.go:736: [0;31m[error] [region 6] 7 propose split msg, msg: 1 1 local region: 1 1[0m
2022/03/22 09:47:44.233060 peer_msg_handler.go:257: [0;31m[error] [region 6] 7 apply split begin, split key [52 32 48 48 48 48 48 48 48 49], StartKey [50 32 48 48 48 48 48 48 48 51], EndKey [][0m
2022/03/22 09:47:44.233168 peer.go:41: [0;37m[info] region id:12 start_key:"4 00000001" region_epoch:<conf_ver:1 version:1 > peers:<id:13 store_id:1 > peers:<id:14 store_id:2 > peers:<id:15 store_id:3 > peers:<id:16 store_id:4 > peers:<id:17 store_id:5 >  create peer with ID 13[0m
2022/03/22 09:47:44.235846 peer_msg_handler.go:257: [0;31m[error] [region 6] 9 apply split begin, split key [52 32 48 48 48 48 48 48 48 49], StartKey [50 32 48 48 48 48 48 48 48 51], EndKey [][0m
2022/03/22 09:47:44.235970 peer.go:41: [0;37m[info] region id:12 start_key:"4 00000001" region_epoch:<conf_ver:1 version:1 > peers:<id:13 store_id:1 > peers:<id:14 store_id:2 > peers:<id:15 store_id:3 > peers:<id:16 store_id:4 > peers:<id:17 store_id:5 >  create peer with ID 15[0m
2022/03/22 09:47:44.236651 peer_msg_handler.go:257: [0;31m[error] [region 6] 11 apply split begin, split key [52 32 48 48 48 48 48 48 48 49], StartKey [50 32 48 48 48 48 48 48 48 51], EndKey [][0m
2022/03/22 09:47:44.236784 peer.go:41: [0;37m[info] region id:12 start_key:"4 00000001" region_epoch:<conf_ver:1 version:1 > peers:<id:13 store_id:1 > peers:<id:14 store_id:2 > peers:<id:15 store_id:3 > peers:<id:16 store_id:4 > peers:<id:17 store_id:5 >  create peer with ID 17[0m
2022/03/22 09:47:44.238440 peer_msg_handler.go:257: [0;31m[error] [region 6] 8 apply split begin, split key [52 32 48 48 48 48 48 48 48 49], StartKey [50 32 48 48 48 48 48 48 48 51], EndKey [][0m
2022/03/22 09:47:44.238533 peer.go:41: [0;37m[info] region id:12 start_key:"4 00000001" region_epoch:<conf_ver:1 version:1 > peers:<id:13 store_id:1 > peers:<id:14 store_id:2 > peers:<id:15 store_id:3 > peers:<id:16 store_id:4 > peers:<id:17 store_id:5 >  create peer with ID 14[0m
2022/03/22 09:47:44.239249 peer_msg_handler.go:322: [0;31m[error] [region 6] 7 apply split finished[0m
2022/03/22 09:47:44.240308 peer_msg_handler.go:257: [0;31m[error] [region 6] 10 apply split begin, split key [52 32 48 48 48 48 48 48 48 49], StartKey [50 32 48 48 48 48 48 48 48 51], EndKey [][0m
2022/03/22 09:47:44.240430 peer.go:41: [0;37m[info] region id:12 start_key:"4 00000001" region_epoch:<conf_ver:1 version:1 > peers:<id:13 store_id:1 > peers:<id:14 store_id:2 > peers:<id:15 store_id:3 > peers:<id:16 store_id:4 > peers:<id:17 store_id:5 >  create peer with ID 16[0m
2022/03/22 09:47:44.241986 peer_msg_handler.go:322: [0;31m[error] [region 6] 11 apply split finished[0m
2022/03/22 09:47:44.241979 peer_msg_handler.go:322: [0;31m[error] [region 6] 9 apply split finished[0m
2022/03/22 09:47:44.250714 peer_msg_handler.go:322: [0;31m[error] [region 6] 8 apply split finished[0m
2022/03/22 09:47:44.254967 peer_msg_handler.go:322: [0;31m[error] [region 6] 10 apply split finished[0m
2022/03/22 09:47:44.812522 raft.go:433: [0;31m[error] node 13 becomeLeader at term 6 with index 5[0m
2022/03/22 09:47:47.933125 raft.go:433: [0;31m[error] node 1 becomeLeader at term 7 with index 183[0m
2022/03/22 09:47:47.984640 peer_msg_handler.go:573: [0;31m[error] [region 1] 1 on split with [48 32 48 48 48 48 48 48 49 49][0m
2022/03/22 09:47:47.989610 peer_msg_handler.go:736: [0;31m[error] [region 1] 1 propose split msg, msg: 1 2 local region: 1 2[0m
2022/03/22 09:47:48.087873 peer_msg_handler.go:573: [0;31m[error] [region 1] 1 on split with [48 32 48 48 48 48 48 48 49 49][0m
2022/03/22 09:47:48.096178 peer_msg_handler.go:736: [0;31m[error] [region 1] 1 propose split msg, msg: 1 2 local region: 1 2[0m
2022/03/22 09:47:48.187095 peer_msg_handler.go:573: [0;31m[error] [region 1] 1 on split with [48 32 48 48 48 48 48 48 49 49][0m
2022/03/22 09:47:48.197177 peer_msg_handler.go:736: [0;31m[error] [region 1] 1 propose split msg, msg: 1 2 local region: 1 2[0m
2022/03/22 09:47:48.289092 peer_msg_handler.go:573: [0;31m[error] [region 1] 1 on split with [48 32 48 48 48 48 48 48 49 49][0m
2022/03/22 09:47:48.294143 peer_msg_handler.go:736: [0;31m[error] [region 1] 1 propose split msg, msg: 1 2 local region: 1 2[0m
2022/03/22 09:47:48.389230 peer_msg_handler.go:573: [0;31m[error] [region 1] 1 on split with [48 32 48 48 48 48 48 48 49 49][0m
2022/03/22 09:47:48.394770 peer_msg_handler.go:736: [0;31m[error] [region 1] 1 propose split msg, msg: 1 2 local region: 1 2[0m
2022/03/22 09:47:48.490138 peer_msg_handler.go:573: [0;31m[error] [region 1] 1 on split with [48 32 48 48 48 48 48 48 49 49][0m
2022/03/22 09:47:48.495029 peer_msg_handler.go:736: [0;31m[error] [region 1] 1 propose split msg, msg: 1 2 local region: 1 2[0m
2022/03/22 09:47:48.587544 peer_msg_handler.go:573: [0;31m[error] [region 1] 1 on split with [48 32 48 48 48 48 48 48 49 49][0m
2022/03/22 09:47:48.587659 peer_msg_handler.go:736: [0;31m[error] [region 1] 1 propose split msg, msg: 1 2 local region: 1 2[0m
2022/03/22 09:47:48.683418 peer_msg_handler.go:573: [0;31m[error] [region 1] 1 on split with [48 32 48 48 48 48 48 48 49 49][0m
2022/03/22 09:47:48.688398 peer_msg_handler.go:736: [0;31m[error] [region 1] 1 propose split msg, msg: 1 2 local region: 1 2[0m
2022/03/22 09:47:48.783519 peer_msg_handler.go:573: [0;31m[error] [region 1] 1 on split with [48 32 48 48 48 48 48 48 49 49][0m
2022/03/22 09:47:48.789346 peer_msg_handler.go:736: [0;31m[error] [region 1] 1 propose split msg, msg: 1 2 local region: 1 2[0m
2022/03/22 09:47:48.883808 peer_msg_handler.go:573: [0;31m[error] [region 1] 1 on split with [48 32 48 48 48 48 48 48 49 49][0m
2022/03/22 09:47:48.889149 peer_msg_handler.go:736: [0;31m[error] [region 1] 1 propose split msg, msg: 1 2 local region: 1 2[0m
2022/03/22 09:47:48.982132 peer_msg_handler.go:573: [0;31m[error] [region 1] 1 on split with [48 32 48 48 48 48 48 48 49 49][0m
2022/03/22 09:47:48.982226 peer_msg_handler.go:736: [0;31m[error] [region 1] 1 propose split msg, msg: 1 2 local region: 1 2[0m
2022/03/22 09:47:49.082549 peer_msg_handler.go:573: [0;31m[error] [region 1] 1 on split with [48 32 48 48 48 48 48 48 49 49][0m
2022/03/22 09:47:49.087150 peer_msg_handler.go:736: [0;31m[error] [region 1] 1 propose split msg, msg: 1 2 local region: 1 2[0m
2022/03/22 09:47:49.148383 peer_msg_handler.go:257: [0;31m[error] [region 1] 1 apply split begin, split key [48 32 48 48 48 48 48 48 49 49], StartKey [], EndKey [50 32 48 48 48 48 48 48 48 51][0m
2022/03/22 09:47:49.148470 peer.go:41: [0;37m[info] region id:18 start_key:"0 00000011" end_key:"2 00000003" region_epoch:<conf_ver:1 version:1 > peers:<id:19 store_id:1 > peers:<id:20 store_id:2 > peers:<id:21 store_id:3 > peers:<id:22 store_id:4 > peers:<id:23 store_id:5 >  create peer with ID 19[0m
2022/03/22 09:47:49.148508 peer_msg_handler.go:257: [0;31m[error] [region 1] 5 apply split begin, split key [48 32 48 48 48 48 48 48 49 49], StartKey [], EndKey [50 32 48 48 48 48 48 48 48 51][0m
2022/03/22 09:47:49.148599 peer.go:41: [0;37m[info] region id:18 start_key:"0 00000011" end_key:"2 00000003" region_epoch:<conf_ver:1 version:1 > peers:<id:19 store_id:1 > peers:<id:20 store_id:2 > peers:<id:21 store_id:3 > peers:<id:22 store_id:4 > peers:<id:23 store_id:5 >  create peer with ID 23[0m
2022/03/22 09:47:49.148512 peer_msg_handler.go:257: [0;31m[error] [region 1] 3 apply split begin, split key [48 32 48 48 48 48 48 48 49 49], StartKey [], EndKey [50 32 48 48 48 48 48 48 48 51][0m
2022/03/22 09:47:49.148702 peer.go:41: [0;37m[info] region id:18 start_key:"0 00000011" end_key:"2 00000003" region_epoch:<conf_ver:1 version:1 > peers:<id:19 store_id:1 > peers:<id:20 store_id:2 > peers:<id:21 store_id:3 > peers:<id:22 store_id:4 > peers:<id:23 store_id:5 >  create peer with ID 21[0m
2022/03/22 09:47:49.148479 peer_msg_handler.go:257: [0;31m[error] [region 1] 4 apply split begin, split key [48 32 48 48 48 48 48 48 49 49], StartKey [], EndKey [50 32 48 48 48 48 48 48 48 51][0m
2022/03/22 09:47:49.148820 peer.go:41: [0;37m[info] region id:18 start_key:"0 00000011" end_key:"2 00000003" region_epoch:<conf_ver:1 version:1 > peers:<id:19 store_id:1 > peers:<id:20 store_id:2 > peers:<id:21 store_id:3 > peers:<id:22 store_id:4 > peers:<id:23 store_id:5 >  create peer with ID 22[0m
2022/03/22 09:47:49.164177 peer_msg_handler.go:322: [0;31m[error] [region 1] 4 apply split finished[0m
2022/03/22 09:47:49.164229 peer_msg_handler.go:322: [0;31m[error] [region 1] 3 apply split finished[0m
2022/03/22 09:47:49.164267 peer_msg_handler.go:322: [0;31m[error] [region 1] 5 apply split finished[0m
2022/03/22 09:47:49.164336 peer_msg_handler.go:322: [0;31m[error] [region 1] 1 apply split finished[0m
2022/03/22 09:47:49.190037 raft.go:433: [0;31m[error] node 17 becomeLeader at term 8 with index 6[0m
2022/03/22 09:47:49.258046 peer_msg_handler.go:257: [0;31m[error] [region 1] 2 apply split begin, split key [48 32 48 48 48 48 48 48 49 49], StartKey [], EndKey [50 32 48 48 48 48 48 48 48 51][0m
2022/03/22 09:47:49.258135 peer.go:41: [0;37m[info] region id:18 start_key:"0 00000011" end_key:"2 00000003" region_epoch:<conf_ver:1 version:1 > peers:<id:19 store_id:1 > peers:<id:20 store_id:2 > peers:<id:21 store_id:3 > peers:<id:22 store_id:4 > peers:<id:23 store_id:5 >  create peer with ID 20[0m
2022/03/22 09:47:49.273049 peer_msg_handler.go:322: [0;31m[error] [region 1] 2 apply split finished[0m
2022/03/22 09:47:49.637621 raft.go:433: [0;31m[error] node 19 becomeLeader at term 6 with index 5[0m
2022/03/22 09:47:49.743165 peer_msg_handler.go:573: [0;31m[error] [region 18] 19 on split with [48 32 48 48 48 48 48 48 50 50][0m
2022/03/22 09:47:49.751303 peer_msg_handler.go:736: [0;31m[error] [region 18] 19 propose split msg, msg: 1 1 local region: 1 1[0m
2022/03/22 09:47:49.762068 peer_msg_handler.go:257: [0;31m[error] [region 18] 19 apply split begin, split key [48 32 48 48 48 48 48 48 50 50], StartKey [48 32 48 48 48 48 48 48 49 49], EndKey [50 32 48 48 48 48 48 48 48 51][0m
2022/03/22 09:47:49.762172 peer.go:41: [0;37m[info] region id:90 start_key:"0 00000022" end_key:"2 00000003" region_epoch:<conf_ver:1 version:1 > peers:<id:91 store_id:1 > peers:<id:92 store_id:2 > peers:<id:93 store_id:3 > peers:<id:94 store_id:4 > peers:<id:95 store_id:5 >  create peer with ID 91[0m
2022/03/22 09:47:49.765087 peer_msg_handler.go:257: [0;31m[error] [region 18] 23 apply split begin, split key [48 32 48 48 48 48 48 48 50 50], StartKey [48 32 48 48 48 48 48 48 49 49], EndKey [50 32 48 48 48 48 48 48 48 51][0m
2022/03/22 09:47:49.765107 peer_msg_handler.go:257: [0;31m[error] [region 18] 20 apply split begin, split key [48 32 48 48 48 48 48 48 50 50], StartKey [48 32 48 48 48 48 48 48 49 49], EndKey [50 32 48 48 48 48 48 48 48 51][0m
2022/03/22 09:47:49.765100 peer_msg_handler.go:257: [0;31m[error] [region 18] 21 apply split begin, split key [48 32 48 48 48 48 48 48 50 50], StartKey [48 32 48 48 48 48 48 48 49 49], EndKey [50 32 48 48 48 48 48 48 48 51][0m
2022/03/22 09:47:49.765239 peer.go:41: [0;37m[info] region id:90 start_key:"0 00000022" end_key:"2 00000003" region_epoch:<conf_ver:1 version:1 > peers:<id:91 store_id:1 > peers:<id:92 store_id:2 > peers:<id:93 store_id:3 > peers:<id:94 store_id:4 > peers:<id:95 store_id:5 >  create peer with ID 92[0m
2022/03/22 09:47:49.765112 peer_msg_handler.go:257: [0;31m[error] [region 18] 22 apply split begin, split key [48 32 48 48 48 48 48 48 50 50], StartKey [48 32 48 48 48 48 48 48 49 49], EndKey [50 32 48 48 48 48 48 48 48 51][0m
2022/03/22 09:47:49.765405 peer.go:41: [0;37m[info] region id:90 start_key:"0 00000022" end_key:"2 00000003" region_epoch:<conf_ver:1 version:1 > peers:<id:91 store_id:1 > peers:<id:92 store_id:2 > peers:<id:93 store_id:3 > peers:<id:94 store_id:4 > peers:<id:95 store_id:5 >  create peer with ID 94[0m
2022/03/22 09:47:49.765186 peer.go:41: [0;37m[info] region id:90 start_key:"0 00000022" end_key:"2 00000003" region_epoch:<conf_ver:1 version:1 > peers:<id:91 store_id:1 > peers:<id:92 store_id:2 > peers:<id:93 store_id:3 > peers:<id:94 store_id:4 > peers:<id:95 store_id:5 >  create peer with ID 95[0m
2022/03/22 09:47:49.765242 peer.go:41: [0;37m[info] region id:90 start_key:"0 00000022" end_key:"2 00000003" region_epoch:<conf_ver:1 version:1 > peers:<id:91 store_id:1 > peers:<id:92 store_id:2 > peers:<id:93 store_id:3 > peers:<id:94 store_id:4 > peers:<id:95 store_id:5 >  create peer with ID 93[0m
2022/03/22 09:47:49.778231 peer_msg_handler.go:322: [0;31m[error] [region 18] 19 apply split finished[0m
2022/03/22 09:47:49.781110 peer_msg_handler.go:322: [0;31m[error] [region 18] 22 apply split finished[0m
2022/03/22 09:47:49.781226 peer_msg_handler.go:322: [0;31m[error] [region 18] 21 apply split finished[0m
2022/03/22 09:47:49.781224 peer_msg_handler.go:322: [0;31m[error] [region 18] 23 apply split finished[0m
2022/03/22 09:47:49.781259 peer_msg_handler.go:322: [0;31m[error] [region 18] 20 apply split finished[0m
2022/03/22 09:47:50.381110 raft.go:433: [0;31m[error] node 93 becomeLeader at term 6 with index 5[0m
2022/03/22 09:47:50.481969 peer_msg_handler.go:573: [0;31m[error] [region 90] 93 on split with [49 32 48 48 48 48 48 48 48 50][0m
2022/03/22 09:47:50.487238 peer_msg_handler.go:736: [0;31m[error] [region 90] 93 propose split msg, msg: 1 1 local region: 1 1[0m
2022/03/22 09:47:50.508018 peer_msg_handler.go:257: [0;31m[error] [region 90] 93 apply split begin, split key [49 32 48 48 48 48 48 48 48 50], StartKey [48 32 48 48 48 48 48 48 50 50], EndKey [50 32 48 48 48 48 48 48 48 51][0m
2022/03/22 09:47:50.508143 peer.go:41: [0;37m[info] region id:96 start_key:"1 00000002" end_key:"2 00000003" region_epoch:<conf_ver:1 version:1 > peers:<id:97 store_id:1 > peers:<id:98 store_id:2 > peers:<id:99 store_id:3 > peers:<id:100 store_id:4 > peers:<id:101 store_id:5 >  create peer with ID 99[0m
2022/03/22 09:47:50.510532 peer_msg_handler.go:257: [0;31m[error] [region 90] 94 apply split begin, split key [49 32 48 48 48 48 48 48 48 50], StartKey [48 32 48 48 48 48 48 48 50 50], EndKey [50 32 48 48 48 48 48 48 48 51][0m
2022/03/22 09:47:50.510559 peer_msg_handler.go:257: [0;31m[error] [region 90] 92 apply split begin, split key [49 32 48 48 48 48 48 48 48 50], StartKey [48 32 48 48 48 48 48 48 50 50], EndKey [50 32 48 48 48 48 48 48 48 51][0m
2022/03/22 09:47:50.510629 peer.go:41: [0;37m[info] region id:96 start_key:"1 00000002" end_key:"2 00000003" region_epoch:<conf_ver:1 version:1 > peers:<id:97 store_id:1 > peers:<id:98 store_id:2 > peers:<id:99 store_id:3 > peers:<id:100 store_id:4 > peers:<id:101 store_id:5 >  create peer with ID 100[0m
2022/03/22 09:47:50.510702 peer.go:41: [0;37m[info] region id:96 start_key:"1 00000002" end_key:"2 00000003" region_epoch:<conf_ver:1 version:1 > peers:<id:97 store_id:1 > peers:<id:98 store_id:2 > peers:<id:99 store_id:3 > peers:<id:100 store_id:4 > peers:<id:101 store_id:5 >  create peer with ID 98[0m
2022/03/22 09:47:50.515858 peer_msg_handler.go:257: [0;31m[error] [region 90] 95 apply split begin, split key [49 32 48 48 48 48 48 48 48 50], StartKey [48 32 48 48 48 48 48 48 50 50], EndKey [50 32 48 48 48 48 48 48 48 51][0m
2022/03/22 09:47:50.515953 peer.go:41: [0;37m[info] region id:96 start_key:"1 00000002" end_key:"2 00000003" region_epoch:<conf_ver:1 version:1 > peers:<id:97 store_id:1 > peers:<id:98 store_id:2 > peers:<id:99 store_id:3 > peers:<id:100 store_id:4 > peers:<id:101 store_id:5 >  create peer with ID 101[0m
2022/03/22 09:47:50.523960 peer_msg_handler.go:322: [0;31m[error] [region 90] 93 apply split finished[0m
2022/03/22 09:47:50.524015 peer_msg_handler.go:257: [0;31m[error] [region 90] 91 apply split begin, split key [49 32 48 48 48 48 48 48 48 50], StartKey [48 32 48 48 48 48 48 48 50 50], EndKey [50 32 48 48 48 48 48 48 48 51][0m
2022/03/22 09:47:50.524105 peer.go:41: [0;37m[info] region id:96 start_key:"1 00000002" end_key:"2 00000003" region_epoch:<conf_ver:1 version:1 > peers:<id:97 store_id:1 > peers:<id:98 store_id:2 > peers:<id:99 store_id:3 > peers:<id:100 store_id:4 > peers:<id:101 store_id:5 >  create peer with ID 97[0m
2022/03/22 09:47:50.527013 peer_msg_handler.go:322: [0;31m[error] [region 90] 92 apply split finished[0m
2022/03/22 09:47:50.532442 peer_msg_handler.go:322: [0;31m[error] [region 90] 95 apply split finished[0m
2022/03/22 09:47:50.538112 peer_msg_handler.go:322: [0;31m[error] [region 90] 94 apply split finished[0m
2022/03/22 09:47:50.541130 peer_msg_handler.go:322: [0;31m[error] [region 90] 91 apply split finished[0m
2022/03/22 09:47:51.132356 raft.go:433: [0;31m[error] node 100 becomeLeader at term 6 with index 5[0m
2022/03/22 09:47:51.233059 peer_msg_handler.go:573: [0;31m[error] [region 96] 100 on split with [49 32 48 48 48 48 48 48 49 51][0m
2022/03/22 09:47:51.238412 peer_msg_handler.go:736: [0;31m[error] [region 96] 100 propose split msg, msg: 1 1 local region: 1 1[0m
2022/03/22 09:47:51.257099 peer_msg_handler.go:257: [0;31m[error] [region 96] 100 apply split begin, split key [49 32 48 48 48 48 48 48 49 51], StartKey [49 32 48 48 48 48 48 48 48 50], EndKey [50 32 48 48 48 48 48 48 48 51][0m
2022/03/22 09:47:51.257184 peer.go:41: [0;37m[info] region id:102 start_key:"1 00000013" end_key:"2 00000003" region_epoch:<conf_ver:1 version:1 > peers:<id:103 store_id:1 > peers:<id:104 store_id:2 > peers:<id:105 store_id:3 > peers:<id:106 store_id:4 > peers:<id:107 store_id:5 >  create peer with ID 106[0m
2022/03/22 09:47:51.259510 peer_msg_handler.go:257: [0;31m[error] [region 96] 101 apply split begin, split key [49 32 48 48 48 48 48 48 49 51], StartKey [49 32 48 48 48 48 48 48 48 50], EndKey [50 32 48 48 48 48 48 48 48 51][0m
2022/03/22 09:47:51.259531 peer_msg_handler.go:257: [0;31m[error] [region 96] 97 apply split begin, split key [49 32 48 48 48 48 48 48 49 51], StartKey [49 32 48 48 48 48 48 48 48 50], EndKey [50 32 48 48 48 48 48 48 48 51][0m
2022/03/22 09:47:51.259574 peer.go:41: [0;37m[info] region id:102 start_key:"1 00000013" end_key:"2 00000003" region_epoch:<conf_ver:1 version:1 > peers:<id:103 store_id:1 > peers:<id:104 store_id:2 > peers:<id:105 store_id:3 > peers:<id:106 store_id:4 > peers:<id:107 store_id:5 >  create peer with ID 107[0m
2022/03/22 09:47:51.259646 peer.go:41: [0;37m[info] region id:102 start_key:"1 00000013" end_key:"2 00000003" region_epoch:<conf_ver:1 version:1 > peers:<id:103 store_id:1 > peers:<id:104 store_id:2 > peers:<id:105 store_id:3 > peers:<id:106 store_id:4 > peers:<id:107 store_id:5 >  create peer with ID 103[0m
2022/03/22 09:47:51.262282 peer_msg_handler.go:257: [0;31m[error] [region 96] 99 apply split begin, split key [49 32 48 48 48 48 48 48 49 51], StartKey [49 32 48 48 48 48 48 48 48 50], EndKey [50 32 48 48 48 48 48 48 48 51][0m
2022/03/22 09:47:51.262355 peer.go:41: [0;37m[info] region id:102 start_key:"1 00000013" end_key:"2 00000003" region_epoch:<conf_ver:1 version:1 > peers:<id:103 store_id:1 > peers:<id:104 store_id:2 > peers:<id:105 store_id:3 > peers:<id:106 store_id:4 > peers:<id:107 store_id:5 >  create peer with ID 105[0m
2022/03/22 09:47:51.264734 peer_msg_handler.go:257: [0;31m[error] [region 96] 98 apply split begin, split key [49 32 48 48 48 48 48 48 49 51], StartKey [49 32 48 48 48 48 48 48 48 50], EndKey [50 32 48 48 48 48 48 48 48 51][0m
2022/03/22 09:47:51.264832 peer.go:41: [0;37m[info] region id:102 start_key:"1 00000013" end_key:"2 00000003" region_epoch:<conf_ver:1 version:1 > peers:<id:103 store_id:1 > peers:<id:104 store_id:2 > peers:<id:105 store_id:3 > peers:<id:106 store_id:4 > peers:<id:107 store_id:5 >  create peer with ID 104[0m
2022/03/22 09:47:51.273349 peer_msg_handler.go:322: [0;31m[error] [region 96] 101 apply split finished[0m
2022/03/22 09:47:51.273350 peer_msg_handler.go:322: [0;31m[error] [region 96] 100 apply split finished[0m
2022/03/22 09:47:51.275680 peer_msg_handler.go:322: [0;31m[error] [region 96] 97 apply split finished[0m
2022/03/22 09:47:51.284169 peer_msg_handler.go:322: [0;31m[error] [region 96] 98 apply split finished[0m
2022/03/22 09:47:51.284197 peer_msg_handler.go:322: [0;31m[error] [region 96] 99 apply split finished[0m
2022/03/22 09:47:51.786864 raft.go:433: [0;31m[error] node 105 becomeLeader at term 6 with index 5[0m
2022/03/22 09:47:51.886368 peer_msg_handler.go:573: [0;31m[error] [region 102] 105 on split with [49 32 48 48 48 48 48 48 50 52][0m
2022/03/22 09:47:51.902467 peer_msg_handler.go:736: [0;31m[error] [region 102] 105 propose split msg, msg: 1 1 local region: 1 1[0m
2022/03/22 09:47:51.924392 peer_msg_handler.go:257: [0;31m[error] [region 102] 103 apply split begin, split key [49 32 48 48 48 48 48 48 50 52], StartKey [49 32 48 48 48 48 48 48 49 51], EndKey [50 32 48 48 48 48 48 48 48 51][0m
2022/03/22 09:47:51.924420 peer_msg_handler.go:257: [0;31m[error] [region 102] 105 apply split begin, split key [49 32 48 48 48 48 48 48 50 52], StartKey [49 32 48 48 48 48 48 48 49 51], EndKey [50 32 48 48 48 48 48 48 48 51][0m
2022/03/22 09:47:51.924439 peer_msg_handler.go:257: [0;31m[error] [region 102] 107 apply split begin, split key [49 32 48 48 48 48 48 48 50 52], StartKey [49 32 48 48 48 48 48 48 49 51], EndKey [50 32 48 48 48 48 48 48 48 51][0m
2022/03/22 09:47:51.924524 peer.go:41: [0;37m[info] region id:108 start_key:"1 00000024" end_key:"2 00000003" region_epoch:<conf_ver:1 version:1 > peers:<id:109 store_id:1 > peers:<id:110 store_id:2 > peers:<id:111 store_id:3 > peers:<id:112 store_id:4 > peers:<id:113 store_id:5 >  create peer with ID 111[0m
2022/03/22 09:47:51.924526 peer.go:41: [0;37m[info] region id:108 start_key:"1 00000024" end_key:"2 00000003" region_epoch:<conf_ver:1 version:1 > peers:<id:109 store_id:1 > peers:<id:110 store_id:2 > peers:<id:111 store_id:3 > peers:<id:112 store_id:4 > peers:<id:113 store_id:5 >  create peer with ID 109[0m
2022/03/22 09:47:51.924627 peer.go:41: [0;37m[info] region id:108 start_key:"1 00000024" end_key:"2 00000003" region_epoch:<conf_ver:1 version:1 > peers:<id:109 store_id:1 > peers:<id:110 store_id:2 > peers:<id:111 store_id:3 > peers:<id:112 store_id:4 > peers:<id:113 store_id:5 >  create peer with ID 113[0m
2022/03/22 09:47:51.927205 peer_msg_handler.go:257: [0;31m[error] [region 102] 106 apply split begin, split key [49 32 48 48 48 48 48 48 50 52], StartKey [49 32 48 48 48 48 48 48 49 51], EndKey [50 32 48 48 48 48 48 48 48 51][0m
2022/03/22 09:47:51.927279 peer.go:41: [0;37m[info] region id:108 start_key:"1 00000024" end_key:"2 00000003" region_epoch:<conf_ver:1 version:1 > peers:<id:109 store_id:1 > peers:<id:110 store_id:2 > peers:<id:111 store_id:3 > peers:<id:112 store_id:4 > peers:<id:113 store_id:5 >  create peer with ID 112[0m
2022/03/22 09:47:51.932919 peer_msg_handler.go:257: [0;31m[error] [region 102] 104 apply split begin, split key [49 32 48 48 48 48 48 48 50 52], StartKey [49 32 48 48 48 48 48 48 49 51], EndKey [50 32 48 48 48 48 48 48 48 51][0m
2022/03/22 09:47:51.933009 peer.go:41: [0;37m[info] region id:108 start_key:"1 00000024" end_key:"2 00000003" region_epoch:<conf_ver:1 version:1 > peers:<id:109 store_id:1 > peers:<id:110 store_id:2 > peers:<id:111 store_id:3 > peers:<id:112 store_id:4 > peers:<id:113 store_id:5 >  create peer with ID 110[0m
2022/03/22 09:47:51.941265 peer_msg_handler.go:322: [0;31m[error] [region 102] 107 apply split finished[0m
2022/03/22 09:47:51.941264 peer_msg_handler.go:322: [0;31m[error] [region 102] 105 apply split finished[0m
2022/03/22 09:47:51.947085 peer_msg_handler.go:322: [0;31m[error] [region 102] 103 apply split finished[0m
2022/03/22 09:47:51.947111 peer_msg_handler.go:322: [0;31m[error] [region 102] 106 apply split finished[0m
2022/03/22 09:47:51.958463 peer_msg_handler.go:322: [0;31m[error] [region 102] 104 apply split finished[0m
2022/03/22 09:47:52.537291 raft.go:433: [0;31m[error] node 113 becomeLeader at term 6 with index 5[0m
2022/03/22 09:48:06.007098 raft.go:433: [0;31m[error] node 20 becomeLeader at term 8 with index 22[0m
2022/03/22 09:48:06.992427 raft.go:433: [0;31m[error] node 106 becomeLeader at term 7 with index 19[0m
2022/03/22 09:48:07.530541 raft.go:433: [0;31m[error] node 9 becomeLeader at term 9 with index 126[0m
2022/03/22 09:48:07.638412 peer_msg_handler.go:573: [0;31m[error] [region 6] 9 on split with [51 32 48 48 48 48 48 48 48 51][0m
2022/03/22 09:48:07.648858 peer_msg_handler.go:736: [0;31m[error] [region 6] 9 propose split msg, msg: 1 2 local region: 1 2[0m
2022/03/22 09:48:07.730947 peer_msg_handler.go:573: [0;31m[error] [region 6] 9 on split with [51 32 48 48 48 48 48 48 48 51][0m
2022/03/22 09:48:07.731011 peer_msg_handler.go:736: [0;31m[error] [region 6] 9 propose split msg, msg: 1 2 local region: 1 2[0m
2022/03/22 09:48:07.831076 peer_msg_handler.go:573: [0;31m[error] [region 6] 9 on split with [51 32 48 48 48 48 48 48 48 51][0m
2022/03/22 09:48:07.836823 peer_msg_handler.go:736: [0;31m[error] [region 6] 9 propose split msg, msg: 1 2 local region: 1 2[0m
2022/03/22 09:48:07.931885 peer_msg_handler.go:573: [0;31m[error] [region 6] 9 on split with [51 32 48 48 48 48 48 48 48 51][0m
2022/03/22 09:48:07.931982 peer_msg_handler.go:736: [0;31m[error] [region 6] 9 propose split msg, msg: 1 2 local region: 1 2[0m
2022/03/22 09:48:08.031669 peer_msg_handler.go:573: [0;31m[error] [region 6] 9 on split with [51 32 48 48 48 48 48 48 48 51][0m
2022/03/22 09:48:08.037519 peer_msg_handler.go:736: [0;31m[error] [region 6] 9 propose split msg, msg: 1 2 local region: 1 2[0m
2022/03/22 09:48:08.131573 peer_msg_handler.go:573: [0;31m[error] [region 6] 9 on split with [51 32 48 48 48 48 48 48 48 51][0m
2022/03/22 09:48:08.143208 peer_msg_handler.go:736: [0;31m[error] [region 6] 9 propose split msg, msg: 1 2 local region: 1 2[0m
2022/03/22 09:48:08.203753 raft.go:433: [0;31m[error] node 109 becomeLeader at term 9 with index 33[0m
2022/03/22 09:48:08.256952 peer_msg_handler.go:573: [0;31m[error] [region 6] 9 on split with [51 32 48 48 48 48 48 48 48 51][0m
2022/03/22 09:48:08.273420 peer_msg_handler.go:736: [0;31m[error] [region 6] 9 propose split msg, msg: 1 2 local region: 1 2[0m
2022/03/22 09:48:08.318640 peer_msg_handler.go:257: [0;31m[error] [region 6] 8 apply split begin, split key [51 32 48 48 48 48 48 48 48 51], StartKey [50 32 48 48 48 48 48 48 48 51], EndKey [52 32 48 48 48 48 48 48 48 49][0m
2022/03/22 09:48:08.318687 peer_msg_handler.go:257: [0;31m[error] [region 6] 9 apply split begin, split key [51 32 48 48 48 48 48 48 48 51], StartKey [50 32 48 48 48 48 48 48 48 51], EndKey [52 32 48 48 48 48 48 48 48 49][0m
2022/03/22 09:48:08.318742 peer.go:41: [0;37m[info] region id:114 start_key:"3 00000003" end_key:"4 00000001" region_epoch:<conf_ver:1 version:1 > peers:<id:115 store_id:1 > peers:<id:116 store_id:2 > peers:<id:117 store_id:3 > peers:<id:118 store_id:4 > peers:<id:119 store_id:5 >  create peer with ID 117[0m
2022/03/22 09:48:08.318733 peer.go:41: [0;37m[info] region id:114 start_key:"3 00000003" end_key:"4 00000001" region_epoch:<conf_ver:1 version:1 > peers:<id:115 store_id:1 > peers:<id:116 store_id:2 > peers:<id:117 store_id:3 > peers:<id:118 store_id:4 > peers:<id:119 store_id:5 >  create peer with ID 116[0m
2022/03/22 09:48:08.323970 peer_msg_handler.go:257: [0;31m[error] [region 6] 11 apply split begin, split key [51 32 48 48 48 48 48 48 48 51], StartKey [50 32 48 48 48 48 48 48 48 51], EndKey [52 32 48 48 48 48 48 48 48 49][0m
2022/03/22 09:48:08.324075 peer.go:41: [0;37m[info] region id:114 start_key:"3 00000003" end_key:"4 00000001" region_epoch:<conf_ver:1 version:1 > peers:<id:115 store_id:1 > peers:<id:116 store_id:2 > peers:<id:117 store_id:3 > peers:<id:118 store_id:4 > peers:<id:119 store_id:5 >  create peer with ID 119[0m
2022/03/22 09:48:08.334780 peer_msg_handler.go:322: [0;31m[error] [region 6] 9 apply split finished[0m
2022/03/22 09:48:08.334995 peer_msg_handler.go:322: [0;31m[error] [region 6] 8 apply split finished[0m
2022/03/22 09:48:08.340398 peer_msg_handler.go:322: [0;31m[error] [region 6] 11 apply split finished[0m
2022/03/22 09:48:08.360840 raft.go:433: [0;31m[error] node 22 becomeLeader at term 10 with index 25[0m
2022/03/22 09:48:08.397711 raft.go:433: [0;31m[error] node 91 becomeLeader at term 8 with index 37[0m
2022/03/22 09:48:08.502813 peer_msg_handler.go:257: [0;31m[error] [region 6] 7 apply split begin, split key [51 32 48 48 48 48 48 48 48 51], StartKey [50 32 48 48 48 48 48 48 48 51], EndKey [52 32 48 48 48 48 48 48 48 49][0m
2022/03/22 09:48:08.502932 peer.go:41: [0;37m[info] region id:114 start_key:"3 00000003" end_key:"4 00000001" region_epoch:<conf_ver:1 version:1 > peers:<id:115 store_id:1 > peers:<id:116 store_id:2 > peers:<id:117 store_id:3 > peers:<id:118 store_id:4 > peers:<id:119 store_id:5 >  create peer with ID 115[0m
2022/03/22 09:48:08.519330 peer_msg_handler.go:322: [0;31m[error] [region 6] 7 apply split finished[0m
2022/03/22 09:48:08.620174 peer_msg_handler.go:257: [0;31m[error] [region 6] 10 apply split begin, split key [51 32 48 48 48 48 48 48 48 51], StartKey [50 32 48 48 48 48 48 48 48 51], EndKey [52 32 48 48 48 48 48 48 48 49][0m
2022/03/22 09:48:08.620285 peer.go:41: [0;37m[info] region id:114 start_key:"3 00000003" end_key:"4 00000001" region_epoch:<conf_ver:1 version:1 > peers:<id:115 store_id:1 > peers:<id:116 store_id:2 > peers:<id:117 store_id:3 > peers:<id:118 store_id:4 > peers:<id:119 store_id:5 >  create peer with ID 118[0m
2022/03/22 09:48:08.636152 peer_msg_handler.go:322: [0;31m[error] [region 6] 10 apply split finished[0m
2022/03/22 09:48:08.885657 raft.go:433: [0;31m[error] node 116 becomeLeader at term 6 with index 5[0m
2022/03/22 09:48:13.571932 test_test.go:236: [0;31m[fatal] get wrong value, client 4
want:x 4 0 yx 4 1 yx 4 2 yx 4 3 yx 4 4 yx 4 5 yx 4 6 yx 4 7 yx 4 8 y
got: x 4 0 yx 3 3 yx 3 4 yx 3 5 yx 3 6 yx 3 7 yx 3 8 yx 4 0 yx 4 1 yx 4 2 yx 4 3 yx 4 4 yx 4 5 yx 4 6 yx 4 7 yx 4 8 y
[0m
FAIL	github.com/pingcap-incubator/tinykv/kv/test_raftstore	38.686s
FAIL